Build started 2/6/2015 3:51:10 AM.
     1>Project "C:\Users\Francis\Documents\academic\COMP345\Assignment1\Assign1\Assign1\Assign1.vcxproj" on node 2 (Build target(s)).
     1>ClCompile:
         C:\Program Files (x86)\Microsoft Visual Studio 12.0\VC\bin\CL.exe /c /ZI /nologo /W3 /WX- /sdl /Od /Oy- /D _MBCS /Gm /EHsc /RTC1 /MDd /GS /fp:precise /Zc:wchar_t /Zc:forScope /Fo"Debug\\" /Fd"Debug\vc120.pdb" /Gd /TP /analyze- /errorReport:prompt Driver.cpp Map.cpp
         Map.cpp
     1>c:\users\francis\documents\academic\comp345\assignment1\assign1\assign1\map.cpp(173): warning C4018: '<' : signed/unsigned mismatch
     1>c:\users\francis\documents\academic\comp345\assignment1\assign1\assign1\map.cpp(178): warning C4018: '<' : signed/unsigned mismatch
     1>c:\users\francis\documents\academic\comp345\assignment1\assign1\assign1\map.cpp(207): warning C4018: '<' : signed/unsigned mismatch
     1>c:\users\francis\documents\academic\comp345\assignment1\assign1\assign1\map.cpp(228): warning C4018: '<' : signed/unsigned mismatch
     1>c:\users\francis\documents\academic\comp345\assignment1\assign1\assign1\map.cpp(260): warning C4018: '<' : signed/unsigned mismatch
     1>c:\users\francis\documents\academic\comp345\assignment1\assign1\assign1\map.cpp(320): warning C4018: '<' : signed/unsigned mismatch
     1>c:\users\francis\documents\academic\comp345\assignment1\assign1\assign1\map.cpp(341): warning C4018: '<' : signed/unsigned mismatch
     1>c:\users\francis\documents\academic\comp345\assignment1\assign1\assign1\map.cpp(360): warning C4018: '<' : signed/unsigned mismatch
         Driver.cpp
     1>c:\users\francis\documents\academic\comp345\assignment1\assign1\assign1\driver.cpp(28): warning C4018: '<' : signed/unsigned mismatch
     1>c:\users\francis\documents\academic\comp345\assignment1\assign1\assign1\driver.cpp(36): warning C4018: '<' : signed/unsigned mismatch
     1>c:\users\francis\documents\academic\comp345\assignment1\assign1\assign1\driver.cpp(70): warning C4018: '<' : signed/unsigned mismatch
         Generating Code...
       Link:
         C:\Program Files (x86)\Microsoft Visual Studio 12.0\VC\bin\link.exe /ERRORREPORT:PROMPT /OUT:"C:\Users\Francis\Documents\academic\COMP345\Assignment1\Assign1\Debug\Assign1.exe" /INCREMENTAL /NOLOGO kernel32.lib user32.lib gdi32.lib winspool.lib comdlg32.lib advapi32.lib shell32.lib ole32.lib oleaut32.lib uuid.lib odbc32.lib odbccp32.lib /MANIFEST /MANIFESTUAC:"level='asInvoker' uiAccess='false'" /manifest:embed /DEBUG /PDB:"C:\Users\Francis\Documents\academic\COMP345\Assignment1\Assign1\Debug\Assign1.pdb" /TLBID:1 /DYNAMICBASE /NXCOMPAT /IMPLIB:"C:\Users\Francis\Documents\academic\COMP345\Assignment1\Assign1\Debug\Assign1.lib" /MACHINE:X86 Debug\Driver.obj
         Debug\Map.obj
         Assign1.vcxproj -> C:\Users\Francis\Documents\academic\COMP345\Assignment1\Assign1\Debug\Assign1.exe
     1>Done Building Project "C:\Users\Francis\Documents\academic\COMP345\Assignment1\Assign1\Assign1\Assign1.vcxproj" (Build target(s)).

Build succeeded.

Time Elapsed 00:00:04.92
